\BOOKMARK [0][-]{chapter.1}{Introduction}{}% 1
\BOOKMARK [1][-]{section.1.1}{General Description of the Network's Main Components}{chapter.1}% 2
\BOOKMARK [1][-]{section.1.2}{Network Services and Requirements}{chapter.1}% 3
\BOOKMARK [0][-]{chapter.2}{Network Modeling}{}% 4
\BOOKMARK [1][-]{section.2.1}{General Assumptions on the Model}{chapter.2}% 5
\BOOKMARK [2][-]{subsection.2.1.1}{HTTP Traffic}{section.2.1}% 6
\BOOKMARK [1][-]{section.2.2}{Network Behavior Expectations without CCTV camera}{chapter.2}% 7
\BOOKMARK [1][-]{section.2.3}{Network Behavior Expectations with CCTV Camera Turned On}{chapter.2}% 8
\BOOKMARK [2][-]{subsection.2.3.1}{Upload Connection, Remote to Main Router}{section.2.3}% 9
\BOOKMARK [2][-]{subsection.2.3.2}{Download Connection, Main to Remote Router}{section.2.3}% 10
\BOOKMARK [2][-]{subsection.2.3.3}{Conclusion}{section.2.3}% 11
\BOOKMARK [0][-]{chapter.3}{Evaluation Without Camera}{}% 12
\BOOKMARK [1][-]{subsection.3.0.1}{Simulation Results}{chapter.3}% 13
\BOOKMARK [1][-]{section.3.1}{Video Lecture}{chapter.3}% 14
\BOOKMARK [1][-]{section.3.2}{FTP Upload}{chapter.3}% 15
\BOOKMARK [2][-]{subsection.3.2.1}{Problems with FTP}{section.3.2}% 16
\BOOKMARK [1][-]{section.3.3}{HTTP Service}{chapter.3}% 17
\BOOKMARK [0][-]{chapter.4}{Evaluation With Camera Turned On}{}% 18
\BOOKMARK [1][-]{section.4.1}{Loss Rates and Delays Analysis}{chapter.4}% 19
\BOOKMARK [1][-]{section.4.2}{HTTP Data Rates}{chapter.4}% 20
\BOOKMARK [1][-]{section.4.3}{FTP Data Rate}{chapter.4}% 21
\BOOKMARK [1][-]{section.4.4}{Main Bottlenecks}{chapter.4}% 22
\BOOKMARK [0][-]{chapter.5}{Conclusion}{}% 23
