This is pdfTeX, Version 3.14159265-2.6-1.40.16 (MiKTeX 2.9) (preloaded format=pdflatex 2015.9.19)  3 SEP 2016 11:47
entering extended mode
**ExamCN2.tex
(ExamCN2.tex
LaTeX2e <2015/01/01> patch level 2
Babel <3.9m> and hyphenation patterns for 69 languages loaded.
(C:\apps\MiKTeX\tex\latex\base\book.cls
Document Class: book 2014/09/29 v1.4h Standard LaTeX document class
(C:\apps\MiKTeX\tex\latex\base\bk10.clo
File: bk10.clo 2014/09/29 v1.4h Standard LaTeX file (size option)
)
\c@part=\count79
\c@chapter=\count80
\c@section=\count81
\c@subsection=\count82
\c@subsubsection=\count83
\c@paragraph=\count84
\c@subparagraph=\count85
\c@figure=\count86
\c@table=\count87
\abovecaptionskip=\skip41
\belowcaptionskip=\skip42
\bibindent=\dimen102
)
(C:\apps\MiKTeX\tex\latex\graphics\graphicx.sty
Package: graphicx 2014/10/28 v1.0g Enhanced LaTeX Graphics (DPC,SPQR)

(C:\apps\MiKTeX\tex\latex\graphics\keyval.sty
Package: keyval 2014/10/28 v1.15 key=value parser (DPC)
\KV@toks@=\toks14
)
(C:\apps\MiKTeX\tex\latex\graphics\graphics.sty
Package: graphics 2014/10/28 v1.0p Standard LaTeX Graphics (DPC,SPQR)

(C:\apps\MiKTeX\tex\latex\graphics\trig.sty
Package: trig 1999/03/16 v1.09 sin cos tan (DPC)
)
(C:\apps\MiKTeX\tex\latex\00miktex\graphics.cfg
File: graphics.cfg 2007/01/18 v1.5 graphics configuration of teTeX/TeXLive
)
Package graphics Info: Driver file: pdftex.def on input line 94.

(C:\apps\MiKTeX\tex\latex\pdftex-def\pdftex.def
File: pdftex.def 2011/05/27 v0.06d Graphics/color for pdfTeX

(C:\apps\MiKTeX\tex\generic\oberdiek\infwarerr.sty
Package: infwarerr 2010/04/08 v1.3 Providing info/warning/error messages (HO)
)
(C:\apps\MiKTeX\tex\generic\oberdiek\ltxcmds.sty
Package: ltxcmds 2011/11/09 v1.22 LaTeX kernel commands for general use (HO)
)
\Gread@gobject=\count88
))
\Gin@req@height=\dimen103
\Gin@req@width=\dimen104
)
(C:\apps\MiKTeX\tex\latex\oberdiek\epstopdf.sty
Package: epstopdf 2010/02/09 v2.5 Conversion with epstopdf on the fly (HO)

(C:\apps\MiKTeX\tex\latex\oberdiek\epstopdf-base.sty
Package: epstopdf-base 2010/02/09 v2.5 Base part for package epstopdf

(C:\apps\MiKTeX\tex\latex\oberdiek\grfext.sty
Package: grfext 2010/08/19 v1.1 Manage graphics extensions (HO)

(C:\apps\MiKTeX\tex\generic\oberdiek\kvdefinekeys.sty
Package: kvdefinekeys 2011/04/07 v1.3 Define keys (HO)
))
(C:\apps\MiKTeX\tex\latex\oberdiek\kvoptions.sty
Package: kvoptions 2011/06/30 v3.11 Key value format for package options (HO)

(C:\apps\MiKTeX\tex\generic\oberdiek\kvsetkeys.sty
Package: kvsetkeys 2012/04/25 v1.16 Key value parser (HO)

(C:\apps\MiKTeX\tex\generic\oberdiek\etexcmds.sty
Package: etexcmds 2011/02/16 v1.5 Avoid name clashes with e-TeX commands (HO)

(C:\apps\MiKTeX\tex\generic\oberdiek\ifluatex.sty
Package: ifluatex 2010/03/01 v1.3 Provides the ifluatex switch (HO)
Package ifluatex Info: LuaTeX not detected.
)
Package etexcmds Info: Could not find \expanded.
(etexcmds)             That can mean that you are not using pdfTeX 1.50 or
(etexcmds)             that some package has redefined \expanded.
(etexcmds)             In the latter case, load this package earlier.
)))
(C:\apps\MiKTeX\tex\generic\oberdiek\pdftexcmds.sty
Package: pdftexcmds 2011/11/29 v0.20 Utility functions of pdfTeX for LuaTeX (HO
)

(C:\apps\MiKTeX\tex\generic\oberdiek\ifpdf.sty
Package: ifpdf 2011/01/30 v2.3 Provides the ifpdf switch (HO)
Package ifpdf Info: pdfTeX in PDF mode is detected.
)
Package pdftexcmds Info: LuaTeX not detected.
Package pdftexcmds Info: \pdf@primitive is available.
Package pdftexcmds Info: \pdf@ifprimitive is available.
Package pdftexcmds Info: \pdfdraftmode found.
)
Package grfext Info: Graphics extension search list:
(grfext)             [.png,.pdf,.jpg,.mps,.jpeg,.jbig2,.jb2,.PNG,.PDF,.JPG,.JPE
G,.JBIG2,.JB2,.eps]
(grfext)             \AppendGraphicsExtensions on input line 452.
))
(C:\apps\MiKTeX\tex\latex\base\inputenc.sty
Package: inputenc 2015/03/17 v1.2c Input encoding file
\inpenc@prehook=\toks15
\inpenc@posthook=\toks16

(C:\apps\MiKTeX\tex\latex\base\utf8.def
File: utf8.def 2015/06/27 v1.1n UTF-8 support for inputenc
Now handling font encoding OML ...
... no UTF-8 mapping file for font encoding OML
Now handling font encoding T1 ...
... processing UTF-8 mapping file for font encoding T1

(C:\apps\MiKTeX\tex\latex\base\t1enc.dfu
File: t1enc.dfu 2015/06/27 v1.1n UTF-8 support for inputenc
   defining Unicode char U+00A1 (decimal 161)
   defining Unicode char U+00A3 (decimal 163)
   defining Unicode char U+00AB (decimal 171)
   defining Unicode char U+00BB (decimal 187)
   defining Unicode char U+00BF (decimal 191)
   defining Unicode char U+00C0 (decimal 192)
   defining Unicode char U+00C1 (decimal 193)
   defining Unicode char U+00C2 (decimal 194)
   defining Unicode char U+00C3 (decimal 195)
   defining Unicode char U+00C4 (decimal 196)
   defining Unicode char U+00C5 (decimal 197)
   defining Unicode char U+00C6 (decimal 198)
   defining Unicode char U+00C7 (decimal 199)
   defining Unicode char U+00C8 (decimal 200)
   defining Unicode char U+00C9 (decimal 201)
   defining Unicode char U+00CA (decimal 202)
   defining Unicode char U+00CB (decimal 203)
   defining Unicode char U+00CC (decimal 204)
   defining Unicode char U+00CD (decimal 205)
   defining Unicode char U+00CE (decimal 206)
   defining Unicode char U+00CF (decimal 207)
   defining Unicode char U+00D0 (decimal 208)
   defining Unicode char U+00D1 (decimal 209)
   defining Unicode char U+00D2 (decimal 210)
   defining Unicode char U+00D3 (decimal 211)
   defining Unicode char U+00D4 (decimal 212)
   defining Unicode char U+00D5 (decimal 213)
   defining Unicode char U+00D6 (decimal 214)
   defining Unicode char U+00D8 (decimal 216)
   defining Unicode char U+00D9 (decimal 217)
   defining Unicode char U+00DA (decimal 218)
   defining Unicode char U+00DB (decimal 219)
   defining Unicode char U+00DC (decimal 220)
   defining Unicode char U+00DD (decimal 221)
   defining Unicode char U+00DE (decimal 222)
   defining Unicode char U+00DF (decimal 223)
   defining Unicode char U+00E0 (decimal 224)
   defining Unicode char U+00E1 (decimal 225)
   defining Unicode char U+00E2 (decimal 226)
   defining Unicode char U+00E3 (decimal 227)
   defining Unicode char U+00E4 (decimal 228)
   defining Unicode char U+00E5 (decimal 229)
   defining Unicode char U+00E6 (decimal 230)
   defining Unicode char U+00E7 (decimal 231)
   defining Unicode char U+00E8 (decimal 232)
   defining Unicode char U+00E9 (decimal 233)
   defining Unicode char U+00EA (decimal 234)
   defining Unicode char U+00EB (decimal 235)
   defining Unicode char U+00EC (decimal 236)
   defining Unicode char U+00ED (decimal 237)
   defining Unicode char U+00EE (decimal 238)
   defining Unicode char U+00EF (decimal 239)
   defining Unicode char U+00F0 (decimal 240)
   defining Unicode char U+00F1 (decimal 241)
   defining Unicode char U+00F2 (decimal 242)
   defining Unicode char U+00F3 (decimal 243)
   defining Unicode char U+00F4 (decimal 244)
   defining Unicode char U+00F5 (decimal 245)
   defining Unicode char U+00F6 (decimal 246)
   defining Unicode char U+00F8 (decimal 248)
   defining Unicode char U+00F9 (decimal 249)
   defining Unicode char U+00FA (decimal 250)
   defining Unicode char U+00FB (decimal 251)
   defining Unicode char U+00FC (decimal 252)
   defining Unicode char U+00FD (decimal 253)
   defining Unicode char U+00FE (decimal 254)
   defining Unicode char U+00FF (decimal 255)
   defining Unicode char U+0102 (decimal 258)
   defining Unicode char U+0103 (decimal 259)
   defining Unicode char U+0104 (decimal 260)
   defining Unicode char U+0105 (decimal 261)
   defining Unicode char U+0106 (decimal 262)
   defining Unicode char U+0107 (decimal 263)
   defining Unicode char U+010C (decimal 268)
   defining Unicode char U+010D (decimal 269)
   defining Unicode char U+010E (decimal 270)
   defining Unicode char U+010F (decimal 271)
   defining Unicode char U+0110 (decimal 272)
   defining Unicode char U+0111 (decimal 273)
   defining Unicode char U+0118 (decimal 280)
   defining Unicode char U+0119 (decimal 281)
   defining Unicode char U+011A (decimal 282)
   defining Unicode char U+011B (decimal 283)
   defining Unicode char U+011E (decimal 286)
   defining Unicode char U+011F (decimal 287)
   defining Unicode char U+0130 (decimal 304)
   defining Unicode char U+0131 (decimal 305)
   defining Unicode char U+0132 (decimal 306)
   defining Unicode char U+0133 (decimal 307)
   defining Unicode char U+0139 (decimal 313)
   defining Unicode char U+013A (decimal 314)
   defining Unicode char U+013D (decimal 317)
   defining Unicode char U+013E (decimal 318)
   defining Unicode char U+0141 (decimal 321)
   defining Unicode char U+0142 (decimal 322)
   defining Unicode char U+0143 (decimal 323)
   defining Unicode char U+0144 (decimal 324)
   defining Unicode char U+0147 (decimal 327)
   defining Unicode char U+0148 (decimal 328)
   defining Unicode char U+014A (decimal 330)
   defining Unicode char U+014B (decimal 331)
   defining Unicode char U+0150 (decimal 336)
   defining Unicode char U+0151 (decimal 337)
   defining Unicode char U+0152 (decimal 338)
   defining Unicode char U+0153 (decimal 339)
   defining Unicode char U+0154 (decimal 340)
   defining Unicode char U+0155 (decimal 341)
   defining Unicode char U+0158 (decimal 344)
   defining Unicode char U+0159 (decimal 345)
   defining Unicode char U+015A (decimal 346)
   defining Unicode char U+015B (decimal 347)
   defining Unicode char U+015E (decimal 350)
   defining Unicode char U+015F (decimal 351)
   defining Unicode char U+0160 (decimal 352)
   defining Unicode char U+0161 (decimal 353)
   defining Unicode char U+0162 (decimal 354)
   defining Unicode char U+0163 (decimal 355)
   defining Unicode char U+0164 (decimal 356)
   defining Unicode char U+0165 (decimal 357)
   defining Unicode char U+016E (decimal 366)
   defining Unicode char U+016F (decimal 367)
   defining Unicode char U+0170 (decimal 368)
   defining Unicode char U+0171 (decimal 369)
   defining Unicode char U+0178 (decimal 376)
   defining Unicode char U+0179 (decimal 377)
   defining Unicode char U+017A (decimal 378)
   defining Unicode char U+017B (decimal 379)
   defining Unicode char U+017C (decimal 380)
   defining Unicode char U+017D (decimal 381)
   defining Unicode char U+017E (decimal 382)
   defining Unicode char U+200C (decimal 8204)
   defining Unicode char U+2013 (decimal 8211)
   defining Unicode char U+2014 (decimal 8212)
   defining Unicode char U+2018 (decimal 8216)
   defining Unicode char U+2019 (decimal 8217)
   defining Unicode char U+201A (decimal 8218)
   defining Unicode char U+201C (decimal 8220)
   defining Unicode char U+201D (decimal 8221)
   defining Unicode char U+201E (decimal 8222)
   defining Unicode char U+2030 (decimal 8240)
   defining Unicode char U+2031 (decimal 8241)
   defining Unicode char U+2039 (decimal 8249)
   defining Unicode char U+203A (decimal 8250)
   defining Unicode char U+2423 (decimal 9251)
)
Now handling font encoding OT1 ...
... processing UTF-8 mapping file for font encoding OT1

(C:\apps\MiKTeX\tex\latex\base\ot1enc.dfu
File: ot1enc.dfu 2015/06/27 v1.1n UTF-8 support for inputenc
   defining Unicode char U+00A1 (decimal 161)
   defining Unicode char U+00A3 (decimal 163)
   defining Unicode char U+00B8 (decimal 184)
   defining Unicode char U+00BF (decimal 191)
   defining Unicode char U+00C5 (decimal 197)
   defining Unicode char U+00C6 (decimal 198)
   defining Unicode char U+00D8 (decimal 216)
   defining Unicode char U+00DF (decimal 223)
   defining Unicode char U+00E6 (decimal 230)
   defining Unicode char U+00EC (decimal 236)
   defining Unicode char U+00ED (decimal 237)
   defining Unicode char U+00EE (decimal 238)
   defining Unicode char U+00EF (decimal 239)
   defining Unicode char U+00F8 (decimal 248)
   defining Unicode char U+0131 (decimal 305)
   defining Unicode char U+0141 (decimal 321)
   defining Unicode char U+0142 (decimal 322)
   defining Unicode char U+0152 (decimal 338)
   defining Unicode char U+0153 (decimal 339)
   defining Unicode char U+2013 (decimal 8211)
   defining Unicode char U+2014 (decimal 8212)
   defining Unicode char U+2018 (decimal 8216)
   defining Unicode char U+2019 (decimal 8217)
   defining Unicode char U+201C (decimal 8220)
   defining Unicode char U+201D (decimal 8221)
)
Now handling font encoding OMS ...
... processing UTF-8 mapping file for font encoding OMS

(C:\apps\MiKTeX\tex\latex\base\omsenc.dfu
File: omsenc.dfu 2015/06/27 v1.1n UTF-8 support for inputenc
   defining Unicode char U+00A7 (decimal 167)
   defining Unicode char U+00B6 (decimal 182)
   defining Unicode char U+00B7 (decimal 183)
   defining Unicode char U+2020 (decimal 8224)
   defining Unicode char U+2021 (decimal 8225)
   defining Unicode char U+2022 (decimal 8226)
)
Now handling font encoding OMX ...
... no UTF-8 mapping file for font encoding OMX
Now handling font encoding U ...
... no UTF-8 mapping file for font encoding U
   defining Unicode char U+00A9 (decimal 169)
   defining Unicode char U+00AA (decimal 170)
   defining Unicode char U+00AE (decimal 174)
   defining Unicode char U+00BA (decimal 186)
   defining Unicode char U+02C6 (decimal 710)
   defining Unicode char U+02DC (decimal 732)
   defining Unicode char U+200C (decimal 8204)
   defining Unicode char U+2026 (decimal 8230)
   defining Unicode char U+2122 (decimal 8482)
   defining Unicode char U+2423 (decimal 9251)
))
(C:\apps\MiKTeX\tex\latex\hyperref\hyperref.sty
Package: hyperref 2012/11/06 v6.83m Hypertext links for LaTeX

(C:\apps\MiKTeX\tex\generic\oberdiek\hobsub-hyperref.sty
Package: hobsub-hyperref 2012/04/25 v1.12 Bundle oberdiek, subset hyperref (HO)


(C:\apps\MiKTeX\tex\generic\oberdiek\hobsub-generic.sty
Package: hobsub-generic 2012/04/25 v1.12 Bundle oberdiek, subset generic (HO)
Package: hobsub 2012/04/25 v1.12 Construct package bundles (HO)
Package hobsub Info: Skipping package `infwarerr' (already loaded).
Package hobsub Info: Skipping package `ltxcmds' (already loaded).
Package hobsub Info: Skipping package `ifluatex' (already loaded).
Package: ifvtex 2010/03/01 v1.5 Detect VTeX and its facilities (HO)
Package ifvtex Info: VTeX not detected.
Package: intcalc 2007/09/27 v1.1 Expandable calculations with integers (HO)
Package hobsub Info: Skipping package `ifpdf' (already loaded).
Package hobsub Info: Skipping package `etexcmds' (already loaded).
Package hobsub Info: Skipping package `kvsetkeys' (already loaded).
Package hobsub Info: Skipping package `kvdefinekeys' (already loaded).
Package hobsub Info: Skipping package `pdftexcmds' (already loaded).
Package: pdfescape 2011/11/25 v1.13 Implements pdfTeX's escape features (HO)
Package: bigintcalc 2012/04/08 v1.3 Expandable calculations on big integers (HO
)
Package: bitset 2011/01/30 v1.1 Handle bit-vector datatype (HO)
Package: uniquecounter 2011/01/30 v1.2 Provide unlimited unique counter (HO)
)
Package hobsub Info: Skipping package `hobsub' (already loaded).
Package: letltxmacro 2010/09/02 v1.4 Let assignment for LaTeX macros (HO)
Package: hopatch 2011/06/24 v1.1 Wrapper for package hooks (HO)
Package: xcolor-patch 2011/01/30 xcolor patch
Package: atveryend 2011/06/30 v1.8 Hooks at the very end of document (HO)
Package atveryend Info: \enddocument detected (standard20110627).
Package: atbegshi 2011/10/05 v1.16 At begin shipout hook (HO)
Package: refcount 2011/10/16 v3.4 Data extraction from label references (HO)
Package: hycolor 2011/01/30 v1.7 Color options for hyperref/bookmark (HO)
)
(C:\apps\MiKTeX\tex\generic\ifxetex\ifxetex.sty
Package: ifxetex 2010/09/12 v0.6 Provides ifxetex conditional
)
(C:\apps\MiKTeX\tex\latex\oberdiek\auxhook.sty
Package: auxhook 2011/03/04 v1.3 Hooks for auxiliary files (HO)
)
\@linkdim=\dimen105
\Hy@linkcounter=\count89
\Hy@pagecounter=\count90

(C:\apps\MiKTeX\tex\latex\hyperref\pd1enc.def
File: pd1enc.def 2012/11/06 v6.83m Hyperref: PDFDocEncoding definition (HO)
Now handling font encoding PD1 ...
... no UTF-8 mapping file for font encoding PD1
)
\Hy@SavedSpaceFactor=\count91

(C:\apps\MiKTeX\tex\latex\00miktex\hyperref.cfg
File: hyperref.cfg 2002/06/06 v1.2 hyperref configuration of TeXLive
)
Package hyperref Info: Hyper figures OFF on input line 4443.
Package hyperref Info: Link nesting OFF on input line 4448.
Package hyperref Info: Hyper index ON on input line 4451.
Package hyperref Info: Plain pages OFF on input line 4458.
Package hyperref Info: Backreferencing OFF on input line 4463.
Package hyperref Info: Implicit mode ON; LaTeX internals redefined.
Package hyperref Info: Bookmarks ON on input line 4688.
\c@Hy@tempcnt=\count92

(C:\apps\MiKTeX\tex\latex\url\url.sty
\Urlmuskip=\muskip10
Package: url 2013/09/16  ver 3.4  Verb mode for urls, etc.
)
LaTeX Info: Redefining \url on input line 5041.
\XeTeXLinkMargin=\dimen106
\Fld@menulength=\count93
\Field@Width=\dimen107
\Fld@charsize=\dimen108
Package hyperref Info: Hyper figures OFF on input line 6295.
Package hyperref Info: Link nesting OFF on input line 6300.
Package hyperref Info: Hyper index ON on input line 6303.
Package hyperref Info: backreferencing OFF on input line 6310.
Package hyperref Info: Link coloring OFF on input line 6315.
Package hyperref Info: Link coloring with OCG OFF on input line 6320.
Package hyperref Info: PDF/A mode OFF on input line 6325.
LaTeX Info: Redefining \ref on input line 6365.
LaTeX Info: Redefining \pageref on input line 6369.
\Hy@abspage=\count94
\c@Item=\count95
\c@Hfootnote=\count96
)

Package hyperref Message: Driver (autodetected): hpdftex.

(C:\apps\MiKTeX\tex\latex\hyperref\hpdftex.def
File: hpdftex.def 2012/11/06 v6.83m Hyperref driver for pdfTeX
\Fld@listcount=\count97
\c@bookmark@seq@number=\count98

(C:\apps\MiKTeX\tex\latex\oberdiek\rerunfilecheck.sty
Package: rerunfilecheck 2011/04/15 v1.7 Rerun checks for auxiliary files (HO)
Package uniquecounter Info: New unique counter `rerunfilecheck' on input line 2
82.
)
\Hy@SectionHShift=\skip43
)
(C:\apps\MiKTeX\tex\latex\float\float.sty
Package: float 2001/11/08 v1.3d Float enhancements (AL)
\c@float@type=\count99
\float@exts=\toks17
\float@box=\box26
\@float@everytoks=\toks18
\@floatcapt=\box27
)
(C:\apps\MiKTeX\tex\latex\tools\tabularx.sty
Package: tabularx 2014/10/28 v2.10 `tabularx' package (DPC)

(C:\apps\MiKTeX\tex\latex\tools\array.sty
Package: array 2014/10/28 v2.4c Tabular extension package (FMi)
\col@sep=\dimen109
\extrarowheight=\dimen110
\NC@list=\toks19
\extratabsurround=\skip44
\backup@length=\skip45
)
\TX@col@width=\dimen111
\TX@old@table=\dimen112
\TX@old@col=\dimen113
\TX@target=\dimen114
\TX@delta=\dimen115
\TX@cols=\count100
\TX@ftn=\toks20
)
(C:\apps\MiKTeX\tex\latex\pdfpages\pdfpages.sty
Package: pdfpages 2016/04/19 v0.5f Insert pages of external PDF documents (AM)

(C:\apps\MiKTeX\tex\latex\base\ifthen.sty
Package: ifthen 2014/09/29 v1.1c Standard LaTeX ifthen package (DPC)
)
(C:\apps\MiKTeX\tex\latex\tools\calc.sty
Package: calc 2014/10/28 v4.3 Infix arithmetic (KKT,FJ)
\calc@Acount=\count101
\calc@Bcount=\count102
\calc@Adimen=\dimen116
\calc@Bdimen=\dimen117
\calc@Askip=\skip46
\calc@Bskip=\skip47
LaTeX Info: Redefining \setlength on input line 80.
LaTeX Info: Redefining \addtolength on input line 81.
\calc@Ccount=\count103
\calc@Cskip=\skip48
)
(C:\apps\MiKTeX\tex\latex\eso-pic\eso-pic.sty
Package: eso-pic 2015/07/21 v2.0g eso-pic (RN)

(C:\apps\MiKTeX\tex\latex\xcolor\xcolor.sty
Package: xcolor 2016/05/11 v2.12 LaTeX color extensions (UK)

(C:\apps\MiKTeX\tex\latex\00miktex\color.cfg
File: color.cfg 2007/01/18 v1.5 color configuration of teTeX/TeXLive
)
Package xcolor Info: Driver file: pdftex.def on input line 225.
Package xcolor Info: Model `cmy' substituted by `cmy0' on input line 1348.
Package xcolor Info: Model `hsb' substituted by `rgb' on input line 1352.
Package xcolor Info: Model `RGB' extended on input line 1364.
Package xcolor Info: Model `HTML' substituted by `rgb' on input line 1366.
Package xcolor Info: Model `Hsb' substituted by `hsb' on input line 1367.
Package xcolor Info: Model `tHsb' substituted by `hsb' on input line 1368.
Package xcolor Info: Model `HSB' substituted by `hsb' on input line 1369.
Package xcolor Info: Model `Gray' substituted by `gray' on input line 1370.
Package xcolor Info: Model `wave' substituted by `hsb' on input line 1371.
))
\AM@pagewidth=\dimen118
\AM@pageheight=\dimen119

(C:\apps\MiKTeX\tex\latex\pdfpages\pppdftex.def
File: pppdftex.def 2016/04/19 v0.5f Pdfpages driver for pdfTeX (AM)
)
\AM@pagebox=\box28
\AM@global@opts=\toks21
\AM@toc@title=\toks22
\c@AM@survey=\count104
\AM@templatesizebox=\box29
)
\@float@every@table=\toks23
 (ExamCN2.aux)
LaTeX Font Info:    Checking defaults for OML/cmm/m/it on input line 16.
LaTeX Font Info:    ... okay on input line 16.
LaTeX Font Info:    Checking defaults for T1/cmr/m/n on input line 16.
LaTeX Font Info:    ... okay on input line 16.
LaTeX Font Info:    Checking defaults for OT1/cmr/m/n on input line 16.
LaTeX Font Info:    ... okay on input line 16.
LaTeX Font Info:    Checking defaults for OMS/cmsy/m/n on input line 16.
LaTeX Font Info:    ... okay on input line 16.
LaTeX Font Info:    Checking defaults for OMX/cmex/m/n on input line 16.
LaTeX Font Info:    ... okay on input line 16.
LaTeX Font Info:    Checking defaults for U/cmr/m/n on input line 16.
LaTeX Font Info:    ... okay on input line 16.
LaTeX Font Info:    Checking defaults for PD1/pdf/m/n on input line 16.
LaTeX Font Info:    ... okay on input line 16.

(C:\apps\MiKTeX\tex\context\base\supp-pdf.mkii
[Loading MPS to PDF converter (version 2006.09.02).]
\scratchcounter=\count105
\scratchdimen=\dimen120
\scratchbox=\box30
\nofMPsegments=\count106
\nofMParguments=\count107
\everyMPshowfont=\toks24
\MPscratchCnt=\count108
\MPscratchDim=\dimen121
\MPnumerator=\count109
\makeMPintoPDFobject=\count110
\everyMPtoPDFconversion=\toks25
)
\AtBeginShipoutBox=\box31
Package hyperref Info: Link coloring OFF on input line 16.
 (C:\apps\MiKTeX\tex\latex\hyperref\nameref.sty
Package: nameref 2012/10/27 v2.43 Cross-referencing by name of section

(C:\apps\MiKTeX\tex\generic\oberdiek\gettitlestring.sty
Package: gettitlestring 2010/12/03 v1.4 Cleanup title references (HO)
)
\c@section@level=\count111
)
LaTeX Info: Redefining \ref on input line 16.
LaTeX Info: Redefining \pageref on input line 16.
LaTeX Info: Redefining \nameref on input line 16.
 (ExamCN2.out)
(ExamCN2.out)
\@outlinefile=\write3
 (C:\apps\MiKTeX\tex\latex\oberdiek\pdflscape.sty
Package: pdflscape 2008/08/11 v0.10 Display of landscape pages in PDF (HO)

(C:\apps\MiKTeX\tex\latex\graphics\lscape.sty
Package: lscape 2000/10/22 v3.01 Landscape Pages (DPC)
)
Package pdflscape Info: Auto-detected driver: pdftex on input line 80.
)
LaTeX Font Info:    External font `cmex10' loaded for size
(Font)              <12> on input line 18.
LaTeX Font Info:    External font `cmex10' loaded for size
(Font)              <8> on input line 18.
LaTeX Font Info:    External font `cmex10' loaded for size
(Font)              <6> on input line 18.
 [1


{C:/apps/MiKTeX/pdftex/config/pdftex.map}] [2

] (ExamCN2.toc
LaTeX Font Info:    External font `cmex10' loaded for size
(Font)              <7> on input line 2.
LaTeX Font Info:    External font `cmex10' loaded for size
(Font)              <5> on input line 2.
)
\tf@toc=\write4
 [3] [4

]
Chapter 1.

Underfull \hbox (badness 10000) in paragraph at lines 23--24

 []

Package epstopdf Info: Source file: <graphics-03.eps>
(epstopdf)                    date: 2016-08-22 17:18:46
(epstopdf)                    size: 1959590 bytes
(epstopdf)             Output file: <graphics-03-eps-converted-to.pdf>
(epstopdf)                    date: 2016-08-22 17:27:19
(epstopdf)                    size: 27402 bytes
(epstopdf)             Command: <epstopdf --outfile=graphics-03-eps-converted-t
o.pdf graphics-03.eps>
(epstopdf)             \includegraphics on input line 31.
Package epstopdf Info: Output file is already uptodate.
<graphics-03-eps-converted-to.pdf, id=143, 846.16125pt x 725.71124pt>
File: graphics-03-eps-converted-to.pdf Graphic file (type pdf)

<use graphics-03-eps-converted-to.pdf>
Package pdftex.def Info: graphics-03-eps-converted-to.pdf used on input line 31
.
(pdftex.def)             Requested size: 310.4979pt x 266.29427pt.
 [5pdfTeX warning (ext4): destination with the same identifier (name{figure.1.1
}) has been already used, duplicate ignored

\AtBegShi@Output ...ipout \box \AtBeginShipoutBox 
                                                  \fi \fi 
l.45 
      <./graphics-03-eps-converted-to.pdf>]
Underfull \hbox (badness 10000) in paragraph at lines 48--50

 []


Underfull \hbox (badness 10000) in paragraph at lines 57--59

 []

[6]
Chapter 2.

Underfull \hbox (badness 10000) in paragraph at lines 66--67

 []


Underfull \hbox (badness 10000) in paragraph at lines 75--76

 []

Package epstopdf Info: Source file: <trace_distribution.eps>
(epstopdf)                    date: 2016-08-22 18:38:56
(epstopdf)                    size: 114888 bytes
(epstopdf)             Output file: <trace_distribution-eps-converted-to.pdf>
(epstopdf)                    date: 2016-08-22 18:39:00
(epstopdf)                    size: 8153 bytes
(epstopdf)             Command: <epstopdf --outfile=trace_distribution-eps-conv
erted-to.pdf trace_distribution.eps>
(epstopdf)             \includegraphics on input line 85.
Package epstopdf Info: Output file is already uptodate.
<trace_distribution-eps-converted-to.pdf, id=172, 482.80376pt x 316.18124pt>
File: trace_distribution-eps-converted-to.pdf Graphic file (type pdf)

<use trace_distribution-eps-converted-to.pdf>
Package pdftex.def Info: trace_distribution-eps-converted-to.pdf used on input 
line 85.
(pdftex.def)             Requested size: 310.4979pt x 203.34915pt.

Overfull \hbox (23.31456pt too wide) in paragraph at lines 102--102
[]\OT1/cmr/bx/n/14.4 Network Be-hav-ior Ex-pec-ta-tions with-out CCTV
 []


Underfull \hbox (badness 10000) in paragraph at lines 104--105

 []

[7

]
Package epstopdf Info: Source file: <graphics-02.eps>
(epstopdf)                    date: 2016-08-22 17:18:46
(epstopdf)                    size: 1924626 bytes
(epstopdf)             Output file: <graphics-02-eps-converted-to.pdf>
(epstopdf)                    date: 2016-08-22 18:31:22
(epstopdf)                    size: 21748 bytes
(epstopdf)             Command: <epstopdf --outfile=graphics-02-eps-converted-t
o.pdf graphics-02.eps>
(epstopdf)             \includegraphics on input line 127.
Package epstopdf Info: Output file is already uptodate.
 <graphics-02-eps-converted-to.pdf, id=183, 846.16125pt x 725.71124pt>
File: graphics-02-eps-converted-to.pdf Graphic file (type pdf)

<use graphics-02-eps-converted-to.pdf>
Package pdftex.def Info: graphics-02-eps-converted-to.pdf used on input line 12
7.
(pdftex.def)             Requested size: 310.4979pt x 266.29427pt.
 [8pdfTeX warning (ext4): destination with the same identifier (name{figure.2.1
}) has been already used, duplicate ignored

\AtBegShi@Output ...ipout \box \AtBeginShipoutBox 
                                                  \fi \fi 
l.137 \end{equation}
                     <./trace_distribution-eps-converted-to.pdf>]
Underfull \hbox (badness 10000) in paragraph at lines 142--143

 []

Package epstopdf Info: Source file: <graphics-01.eps>
(epstopdf)                    date: 2016-08-22 17:18:45
(epstopdf)                    size: 1924874 bytes
(epstopdf)             Output file: <graphics-01-eps-converted-to.pdf>
(epstopdf)                    date: 2016-08-22 18:31:24
(epstopdf)                    size: 21893 bytes
(epstopdf)             Command: <epstopdf --outfile=graphics-01-eps-converted-t
o.pdf graphics-01.eps>
(epstopdf)             \includegraphics on input line 147.
Package epstopdf Info: Output file is already uptodate.
<graphics-01-eps-converted-to.pdf, id=199, 846.16125pt x 725.71124pt>
File: graphics-01-eps-converted-to.pdf Graphic file (type pdf)

<use graphics-01-eps-converted-to.pdf>
Package pdftex.def Info: graphics-01-eps-converted-to.pdf used on input line 14
7.
(pdftex.def)             Requested size: 310.4979pt x 266.29427pt.

Overfull \hbox (48.37256pt too wide) has occurred while \output is active
\OT1/cmr/m/sl/10 2.3.  NETWORK BEHAVIOR EXPECTATIONS WITH CCTV CAMERA TURNED ON
 \OT1/cmr/m/n/10 9
 []

[9pdfTeX warning (ext4): destination with the same identifier (name{figure.2.2}
) has been already used, duplicate ignored

\AtBegShi@Output ...ipout \box \AtBeginShipoutBox 
                                                  \fi \fi 
l.154 
       <./graphics-02-eps-converted-to.pdf>]
Underfull \vbox (badness 10000) has occurred while \output is active []

 [10pdfTeX warning (ext4): destination with the same identifier (name{figure.2.
3}) has been already used, duplicate ignored

\AtBegShi@Output ...ipout \box \AtBeginShipoutBox 
                                                  \fi \fi 
l.162 
       <./graphics-01-eps-converted-to.pdf>]
Overfull \hbox (53.37257pt too wide) has occurred while \output is active
\OT1/cmr/m/sl/10 2.3.  NETWORK BEHAVIOR EXPECTATIONS WITH CCTV CAMERA TURNED ON
 \OT1/cmr/m/n/10 11
 []

[11] [12

]
Chapter 3.

Package hyperref Warning: Difference (2) between bookmark levels is greater 
(hyperref)                than one, level fixed on input line 173.

[13]
Package epstopdf Info: Source file: <off_loss_conf_download.eps>
(epstopdf)                    date: 2016-08-22 16:06:45
(epstopdf)                    size: 21754 bytes
(epstopdf)             Output file: <off_loss_conf_download-eps-converted-to.pd
f>
(epstopdf)                    date: 2016-08-22 22:09:43
(epstopdf)                    size: 4422 bytes
(epstopdf)             Command: <epstopdf --outfile=off_loss_conf_download-eps-
converted-to.pdf off_loss_conf_download.eps>
(epstopdf)             \includegraphics on input line 208.
Package epstopdf Info: Output file is already uptodate.

<off_loss_conf_download-eps-converted-to.pdf, id=256, 421.575pt x 316.18124pt>
File: off_loss_conf_download-eps-converted-to.pdf Graphic file (type pdf)

<use off_loss_conf_download-eps-converted-to.pdf>
Package pdftex.def Info: off_loss_conf_download-eps-converted-to.pdf used on in
put line 208.
(pdftex.def)             Requested size: 310.4979pt x 232.87527pt.
Package epstopdf Info: Source file: <off_main_router_drops.eps>
(epstopdf)                    date: 2016-08-22 16:02:59
(epstopdf)                    size: 19906 bytes
(epstopdf)             Output file: <off_main_router_drops-eps-converted-to.pdf
>
(epstopdf)                    date: 2016-08-22 22:09:43
(epstopdf)                    size: 4155 bytes
(epstopdf)             Command: <epstopdf --outfile=off_main_router_drops-eps-c
onverted-to.pdf off_main_router_drops.eps>
(epstopdf)             \includegraphics on input line 217.
Package epstopdf Info: Output file is already uptodate.

<off_main_router_drops-eps-converted-to.pdf, id=257, 421.575pt x 316.18124pt>
File: off_main_router_drops-eps-converted-to.pdf Graphic file (type pdf)

<use off_main_router_drops-eps-converted-to.pdf>
Package pdftex.def Info: off_main_router_drops-eps-converted-to.pdf used on inp
ut line 217.
(pdftex.def)             Requested size: 310.4979pt x 232.87527pt.
Package epstopdf Info: Source file: <off_loss_conf_upload.eps>
(epstopdf)                    date: 2016-08-22 16:05:56
(epstopdf)                    size: 20825 bytes
(epstopdf)             Output file: <off_loss_conf_upload-eps-converted-to.pdf>

(epstopdf)                    date: 2016-08-22 22:09:44
(epstopdf)                    size: 4299 bytes
(epstopdf)             Command: <epstopdf --outfile=off_loss_conf_upload-eps-co
nverted-to.pdf off_loss_conf_upload.eps>
(epstopdf)             \includegraphics on input line 226.
Package epstopdf Info: Output file is already uptodate.

<off_loss_conf_upload-eps-converted-to.pdf, id=259, 421.575pt x 316.18124pt>
File: off_loss_conf_upload-eps-converted-to.pdf Graphic file (type pdf)

<use off_loss_conf_upload-eps-converted-to.pdf>
Package pdftex.def Info: off_loss_conf_upload-eps-converted-to.pdf used on inpu
t line 226.
(pdftex.def)             Requested size: 310.4979pt x 232.87527pt.
Package epstopdf Info: Source file: <off_remote_router_drops.eps>
(epstopdf)                    date: 2016-08-22 16:02:44
(epstopdf)                    size: 20682 bytes
(epstopdf)             Output file: <off_remote_router_drops-eps-converted-to.p
df>
(epstopdf)                    date: 2016-09-03 11:47:03
(epstopdf)                    size: 4017 bytes
(epstopdf)             Command: <epstopdf --outfile=off_remote_router_drops-eps
-converted-to.pdf off_remote_router_drops.eps>
(epstopdf)             \includegraphics on input line 234.
Package epstopdf Info: Output file is already uptodate.

<off_remote_router_drops-eps-converted-to.pdf, id=260, 421.575pt x 316.18124pt>
File: off_remote_router_drops-eps-converted-to.pdf Graphic file (type pdf)
<use off_remote_router_drops-eps-converted-to.pdf>
Package pdftex.def Info: off_remote_router_drops-eps-converted-to.pdf used on i
nput line 234.
(pdftex.def)             Requested size: 310.4979pt x 232.87527pt.
 [14pdfTeX warning (ext4): destination with the same identifier (name{figure.3.
1}) has been already used, duplicate ignored

\AtBegShi@Output ...ipout \box \AtBeginShipoutBox 
                                                  \fi \fi 
l.244 \subsection
                 {Problems with FTP} <./off_loss_conf_download-eps-converted-to
.pdf>]
Underfull \vbox (badness 1472) has occurred while \output is active []

 [15pdfTeX warning (ext4): destination with the same identifier (name{figure.3.
2}) has been already used, duplicate ignored

\AtBegShi@Output ...ipout \box \AtBeginShipoutBox 
                                                  \fi \fi 
l.244 \subsection
                 {Problems with FTP}pdfTeX warning (ext4): destination with the
 same identifier (name{figure.3.3}) has been already used, duplicate ignored

\AtBegShi@Output ...ipout \box \AtBeginShipoutBox 
                                                  \fi \fi 
l.244 \subsection
                 {Problems with FTP} <./off_main_router_drops-eps-converted-to.
pdf> <./off_loss_conf_upload-eps-converted-to.pdf>]
Package epstopdf Info: Source file: <off_http_download.eps>
(epstopdf)                    date: 2016-08-22 16:09:33
(epstopdf)                    size: 19662 bytes
(epstopdf)             Output file: <off_http_download-eps-converted-to.pdf>
(epstopdf)                    date: 2016-08-22 22:09:45
(epstopdf)                    size: 4094 bytes
(epstopdf)             Command: <epstopdf --outfile=off_http_download-eps-conve
rted-to.pdf off_http_download.eps>
(epstopdf)             \includegraphics on input line 252.
Package epstopdf Info: Output file is already uptodate.

<off_http_download-eps-converted-to.pdf, id=286, 421.575pt x 316.18124pt>
File: off_http_download-eps-converted-to.pdf Graphic file (type pdf)

<use off_http_download-eps-converted-to.pdf>
Package pdftex.def Info: off_http_download-eps-converted-to.pdf used on input l
ine 252.
(pdftex.def)             Requested size: 310.4979pt x 232.87527pt.
Package epstopdf Info: Source file: <off_ftp_upload.eps>
(epstopdf)                    date: 2016-08-22 16:05:31
(epstopdf)                    size: 20230 bytes
(epstopdf)             Output file: <off_ftp_upload-eps-converted-to.pdf>
(epstopdf)                    date: 2016-08-22 22:09:46
(epstopdf)                    size: 4144 bytes
(epstopdf)             Command: <epstopdf --outfile=off_ftp_upload-eps-converte
d-to.pdf off_ftp_upload.eps>
(epstopdf)             \includegraphics on input line 260.
Package epstopdf Info: Output file is already uptodate.

<off_ftp_upload-eps-converted-to.pdf, id=287, 421.575pt x 316.18124pt>
File: off_ftp_upload-eps-converted-to.pdf Graphic file (type pdf)

<use off_ftp_upload-eps-converted-to.pdf>
Package pdftex.def Info: off_ftp_upload-eps-converted-to.pdf used on input line
 260.
(pdftex.def)             Requested size: 310.4979pt x 232.87527pt.
 [16pdfTeX warning (ext4): destination with the same identifier (name{figure.3.
4}) has been already used, duplicate ignored

\AtBegShi@Output ...ipout \box \AtBeginShipoutBox 
                                                  \fi \fi 
l.271 \chapter
              {Evaluation With Camera Turned On} <./off_remote_router_drops-eps
-converted-to.pdf>]

LaTeX Warning: Text page 17 contains only floats.

[17pdfTeX warning (ext4): destination with the same identifier (name{figure.3.5
}) has been already used, duplicate ignored

\AtBegShi@Output ...ipout \box \AtBeginShipoutBox 
                                                  \fi \fi 
l.271 \chapter
              {Evaluation With Camera Turned On}pdfTeX warning (ext4): destinat
ion with the same identifier (name{figure.3.6}) has been already used, duplicat
e ignored

\AtBegShi@Output ...ipout \box \AtBeginShipoutBox 
                                                  \fi \fi 
l.271 \chapter
              {Evaluation With Camera Turned On} <./off_http_download-eps-conve
rted-to.pdf> <./off_ftp_upload-eps-converted-to.pdf>] [18

]
Chapter 4.

Underfull \hbox (badness 10000) in paragraph at lines 272--273

 []

Package epstopdf Info: Source file: <on_loss_conf_upload.eps>
(epstopdf)                    date: 2016-08-22 16:00:48
(epstopdf)                    size: 20821 bytes
(epstopdf)             Output file: <on_loss_conf_upload-eps-converted-to.pdf>
(epstopdf)                    date: 2016-08-22 21:28:41
(epstopdf)                    size: 4305 bytes
(epstopdf)             Command: <epstopdf --outfile=on_loss_conf_upload-eps-con
verted-to.pdf on_loss_conf_upload.eps>
(epstopdf)             \includegraphics on input line 284.
Package epstopdf Info: Output file is already uptodate.
<on_loss_conf_upload-eps-converted-to.pdf, id=317, 421.575pt x 316.18124pt>
File: on_loss_conf_upload-eps-converted-to.pdf Graphic file (type pdf)

<use on_loss_conf_upload-eps-converted-to.pdf>
Package pdftex.def Info: on_loss_conf_upload-eps-converted-to.pdf used on input
 line 284.
(pdftex.def)             Requested size: 310.4979pt x 232.87527pt.
Package epstopdf Info: Source file: <on_loss_conf_download.eps>
(epstopdf)                    date: 2016-08-22 16:01:02
(epstopdf)                    size: 21756 bytes
(epstopdf)             Output file: <on_loss_conf_download-eps-converted-to.pdf
>
(epstopdf)                    date: 2016-08-22 21:28:41
(epstopdf)                    size: 4420 bytes
(epstopdf)             Command: <epstopdf --outfile=on_loss_conf_download-eps-c
onverted-to.pdf on_loss_conf_download.eps>
(epstopdf)             \includegraphics on input line 292.
Package epstopdf Info: Output file is already uptodate.

<on_loss_conf_download-eps-converted-to.pdf, id=318, 421.575pt x 316.18124pt>
File: on_loss_conf_download-eps-converted-to.pdf Graphic file (type pdf)

<use on_loss_conf_download-eps-converted-to.pdf>
Package pdftex.def Info: on_loss_conf_download-eps-converted-to.pdf used on inp
ut line 292.
(pdftex.def)             Requested size: 310.4979pt x 232.87527pt.
 [19]

LaTeX Warning: Text page 20 contains only floats.

[20pdfTeX warning (ext4): destination with the same identifier (name{figure.4.1
}) has been already used, duplicate ignored

\AtBegShi@Output ...ipout \box \AtBeginShipoutBox 
                                                  \fi \fi 
l.299 
      pdfTeX warning (ext4): destination with the same identifier (name{figure.
4.2}) has been already used, duplicate ignored

\AtBegShi@Output ...ipout \box \AtBeginShipoutBox 
                                                  \fi \fi 
l.299 
       <./on_loss_conf_upload-eps-converted-to.pdf> <./on_loss_conf_download-ep
s-converted-to.pdf>]
Package epstopdf Info: Source file: <on_loss_cctv.eps>
(epstopdf)                    date: 2016-08-22 16:00:23
(epstopdf)                    size: 20750 bytes
(epstopdf)             Output file: <on_loss_cctv-eps-converted-to.pdf>
(epstopdf)                    date: 2016-08-22 21:28:40
(epstopdf)                    size: 4178 bytes
(epstopdf)             Command: <epstopdf --outfile=on_loss_cctv-eps-converted-
to.pdf on_loss_cctv.eps>
(epstopdf)             \includegraphics on input line 302.
Package epstopdf Info: Output file is already uptodate.

<on_loss_cctv-eps-converted-to.pdf, id=340, 421.575pt x 316.18124pt>
File: on_loss_cctv-eps-converted-to.pdf Graphic file (type pdf)

<use on_loss_cctv-eps-converted-to.pdf>
Package pdftex.def Info: on_loss_cctv-eps-converted-to.pdf used on input line 3
02.
(pdftex.def)             Requested size: 310.4979pt x 232.87527pt.
Package epstopdf Info: Source file: <on_http_download.eps>
(epstopdf)                    date: 2016-08-22 16:10:10
(epstopdf)                    size: 19669 bytes
(epstopdf)             Output file: <on_http_download-eps-converted-to.pdf>
(epstopdf)                    date: 2016-08-22 21:28:39
(epstopdf)                    size: 4097 bytes
(epstopdf)             Command: <epstopdf --outfile=on_http_download-eps-conver
ted-to.pdf on_http_download.eps>
(epstopdf)             \includegraphics on input line 313.
Package epstopdf Info: Output file is already uptodate.

<on_http_download-eps-converted-to.pdf, id=342, 421.575pt x 316.18124pt>
File: on_http_download-eps-converted-to.pdf Graphic file (type pdf)

<use on_http_download-eps-converted-to.pdf>
Package pdftex.def Info: on_http_download-eps-converted-to.pdf used on input li
ne 313.
(pdftex.def)             Requested size: 310.4979pt x 232.87527pt.
Package epstopdf Info: Source file: <on_ftp_upload.eps>
(epstopdf)                    date: 2016-08-22 15:59:54
(epstopdf)                    size: 20224 bytes
(epstopdf)             Output file: <on_ftp_upload-eps-converted-to.pdf>
(epstopdf)                    date: 2016-08-22 21:28:38
(epstopdf)                    size: 4143 bytes
(epstopdf)             Command: <epstopdf --outfile=on_ftp_upload-eps-converted
-to.pdf on_ftp_upload.eps>
(epstopdf)             \includegraphics on input line 326.
Package epstopdf Info: Output file is already uptodate.

<on_ftp_upload-eps-converted-to.pdf, id=345, 421.575pt x 316.18124pt>
File: on_ftp_upload-eps-converted-to.pdf Graphic file (type pdf)

<use on_ftp_upload-eps-converted-to.pdf>
Package pdftex.def Info: on_ftp_upload-eps-converted-to.pdf used on input line 
326.
(pdftex.def)             Requested size: 310.4979pt x 232.87527pt.

Underfull \vbox (badness 3590) has occurred while \output is active []

 [21pdfTeX warning (ext4): destination with the same identifier (name{figure.4.
3}) has been already used, duplicate ignored

\AtBegShi@Output ...ipout \box \AtBeginShipoutBox 
                                                  \fi \fi 
l.333 
       <./on_loss_cctv-eps-converted-to.pdf>]

LaTeX Warning: Text page 22 contains only floats.

[22pdfTeX warning (ext4): destination with the same identifier (name{figure.4.4
}) has been already used, duplicate ignored

\AtBegShi@Output ...ipout \box \AtBeginShipoutBox 
                                                  \fi \fi 
l.333 
      pdfTeX warning (ext4): destination with the same identifier (name{figure.
4.5}) has been already used, duplicate ignored

\AtBegShi@Output ...ipout \box \AtBeginShipoutBox 
                                                  \fi \fi 
l.333 
       <./on_http_download-eps-converted-to.pdf> <./on_ftp_upload-eps-converted
-to.pdf>]
Package epstopdf Info: Source file: <on_main_router_drops.eps>
(epstopdf)                    date: 2016-08-22 15:56:51
(epstopdf)                    size: 19905 bytes
(epstopdf)             Output file: <on_main_router_drops-eps-converted-to.pdf>

(epstopdf)                    date: 2016-08-22 21:28:42
(epstopdf)                    size: 4154 bytes
(epstopdf)             Command: <epstopdf --outfile=on_main_router_drops-eps-co
nverted-to.pdf on_main_router_drops.eps>
(epstopdf)             \includegraphics on input line 342.
Package epstopdf Info: Output file is already uptodate.

<on_main_router_drops-eps-converted-to.pdf, id=372, 421.575pt x 316.18124pt>
File: on_main_router_drops-eps-converted-to.pdf Graphic file (type pdf)

<use on_main_router_drops-eps-converted-to.pdf>
Package pdftex.def Info: on_main_router_drops-eps-converted-to.pdf used on inpu
t line 342.
(pdftex.def)             Requested size: 310.4979pt x 232.87527pt.
 [23pdfTeX warning (ext4): destination with the same identifier (name{figure.4.
6}) has been already used, duplicate ignored

\AtBegShi@Output ...ipout \box \AtBeginShipoutBox 
                                                  \fi \fi 
l.349 
       <./on_main_router_drops-eps-converted-to.pdf>] [24]
Chapter 5.

Underfull \hbox (badness 10000) in paragraph at lines 352--353

 []

(ExamCN2.bbl [25

] [26

])
Package atveryend Info: Empty hook `BeforeClearDocument' on input line 362.
 [27]
Package atveryend Info: Empty hook `AfterLastShipout' on input line 362.
 (ExamCN2.aux)
Package atveryend Info: Executing hook `AtVeryEndDocument' on input line 362.
Package atveryend Info: Executing hook `AtEndAfterFileList' on input line 362.
Package rerunfilecheck Info: File `ExamCN2.out' has not changed.
(rerunfilecheck)             Checksum: 4E6A1D7BC30303521C43E4C0B19C2FF0;1645.
Package atveryend Info: Empty hook `AtVeryVeryEnd' on input line 362.
 ) 
Here is how much of TeX's memory you used:
 6837 strings out of 493673
 99369 string characters out of 3149332
 194258 words of memory out of 3000000
 9994 multiletter control sequences out of 15000+200000
 9806 words of font info for 34 fonts, out of 3000000 for 9000
 1025 hyphenation exceptions out of 8191
 42i,9n,39p,921b,357s stack positions out of 5000i,500n,10000p,200000b,50000s
<C:/apps/MiKTeX/fonts/type1/public/amsfonts/cm/cmbx10.pfb><C:/apps/MiKTeX/fon
ts/type1/public/amsfonts/cm/cmbx12.pfb><C:/apps/MiKTeX/fonts/type1/public/amsfo
nts/cm/cmmi10.pfb><C:/apps/MiKTeX/fonts/type1/public/amsfonts/cm/cmr10.pfb><C:/
apps/MiKTeX/fonts/type1/public/amsfonts/cm/cmr12.pfb><C:/apps/MiKTeX/fonts/type
1/public/amsfonts/cm/cmr17.pfb><C:/apps/MiKTeX/fonts/type1/public/amsfonts/cm/c
msl10.pfb><C:/apps/MiKTeX/fonts/type1/public/amsfonts/cm/cmsy10.pfb><C:/apps/Mi
KTeX/fonts/type1/public/amsfonts/cm/cmti10.pfb>
Output written on ExamCN2.pdf (27 pages, 258084 bytes).
PDF statistics:
 451 PDF objects out of 1000 (max. 8388607)
 80 named destinations out of 1000 (max. 500000)
 265 words of extra memory for PDF output out of 10000 (max. 10000000)

